SF:lib/core/data/datasources/pokedex_datasource/pokedex_datasource_impl.dart
DA:13,1
DA:15,1
DA:17,2
DA:18,1
DA:19,1
DA:22,1
DA:24,3
DA:25,1
DA:26,1
DA:27,1
LF:10
LH:10
end_of_record
SF:lib/core/data/models/poke_model/poke_model.dart
DA:4,4
DA:19,3
DA:20,3
DA:21,12
DA:22,3
DA:23,3
DA:24,12
DA:25,3
DA:27,12
DA:28,3
DA:29,3
DA:30,3
DA:34,6
DA:35,6
DA:36,12
DA:37,12
DA:38,12
DA:39,12
DA:40,12
DA:41,12
LF:20
LH:20
end_of_record
SF:lib/core/data/models/poke_urls_model/poke_urls_model.dart
DA:4,4
DA:6,3
DA:7,3
DA:8,9
DA:9,3
DA:11,3
LF:6
LH:6
end_of_record
SF:lib/core/domain/entities/poke_entity.dart
DA:18,5
DA:34,2
DA:35,2
DA:36,2
DA:37,2
DA:38,2
DA:39,2
DA:40,2
DA:41,2
DA:42,2
DA:43,2
DA:44,2
DA:45,2
DA:46,2
DA:47,2
LF:15
LH:15
end_of_record
SF:lib/core/domain/entities/poke_urls_entity.dart
DA:6,5
DA:8,2
DA:9,4
LF:3
LH:3
end_of_record
SF:lib/commons/errors/base_error.dart
DA:4,4
DA:6,0
DA:8,0
LF:3
LH:1
end_of_record
SF:lib/commons/result_wrapper/result_wrapper.dart
DA:7,4
DA:9,4
DA:10,4
DA:13,4
DA:14,4
DA:17,6
DA:19,4
DA:21,4
DA:23,8
DA:27,4
DA:28,4
DA:33,4
DA:34,4
LF:13
LH:13
end_of_record
SF:lib/core/data/repositories/pokedex_repository/pokedex_repository_impl.dart
DA:10,1
DA:12,1
DA:15,1
DA:16,2
DA:17,2
DA:18,2
DA:19,1
DA:21,1
DA:23,3
LF:9
LH:9
end_of_record
SF:lib/core/domain/use_cases/get_pokemon_use_case/get_pokemon_use_case_impl.dart
DA:9,1
DA:11,1
DA:12,2
LF:3
LH:3
end_of_record
SF:lib/commons/pokedex_ui/blocs/validator_bloc.dart
DA:4,2
DA:6,1
DA:7,1
LF:3
LH:3
end_of_record
SF:lib/commons/pokedex_ui/extensions/color_extensions.dart
DA:4,1
DA:5,1
DA:6,4
DA:8,2
LF:4
LH:4
end_of_record
SF:lib/commons/pokedex_ui/extensions/double_extensions.dart
DA:2,1
DA:3,2
LF:2
LH:2
end_of_record
SF:lib/commons/pokedex_ui/extensions/string_extensions.dart
DA:2,1
DA:3,5
LF:2
LH:2
end_of_record
SF:lib/commons/pokedex_ui/helpers/select_pokedex_type_by_string.dart
DA:3,1
DA:5,4
DA:6,1
LF:3
LH:3
end_of_record
SF:lib/commons/pokedex_ui/palettes/colors.dart
DA:6,0
DA:7,0
DA:8,0
DA:9,0
DA:12,0
DA:13,0
DA:14,0
DA:15,0
DA:16,0
DA:17,0
DA:18,0
DA:19,0
DA:20,0
DA:21,0
DA:22,2
DA:23,0
DA:24,0
DA:25,0
DA:26,0
DA:27,0
DA:28,0
DA:29,0
DA:31,1
DA:33,1
DA:34,0
DA:35,1
DA:36,0
DA:37,1
DA:38,1
DA:39,0
DA:40,0
DA:41,0
DA:42,0
DA:43,0
DA:44,0
DA:45,0
DA:46,0
DA:47,0
DA:48,0
DA:49,0
DA:50,0
DA:51,0
DA:52,0
DA:53,0
DA:54,0
DA:55,0
DA:56,0
DA:57,0
DA:58,0
DA:59,0
DA:60,0
DA:61,0
DA:62,0
DA:63,0
DA:64,0
DA:65,0
DA:66,0
DA:67,0
DA:68,0
LF:59
LH:6
end_of_record
SF:lib/commons/states/bloc_states.dart
DA:6,0
DA:7,0
DA:9,0
DA:14,1
DA:16,0
DA:17,0
DA:19,0
DA:26,1
DA:28,0
DA:29,0
DA:31,0
DA:39,1
DA:41,0
DA:42,0
DA:44,0
LF:15
LH:3
end_of_record
SF:lib/presentation/pages/home_page/blocs/get_pokemon_bloc.dart
DA:9,3
DA:11,1
DA:12,1
DA:13,2
DA:15,1
DA:16,3
DA:19,4
LF:7
LH:7
end_of_record
